### zsh completion for make/go-make
_go-make-filter() {
    awk -v prefix="^${1}" -v pat="[-/]" '
        function min(x, y, l) {
            while (substr(x, 0, l) != substr(y, 0, l)) { l--; }
            return l;
        }
        function short(x, l) {
            return (substr(x, 0, 2) == "--") ? x :
                (m = match(substr(x, l+1), pat)) ? substr(x, 0, l+m) : x;
        }
        ($0 ~ prefix) {
            if (n == 0) { array[n++] = $0; l = length($0); next; }
            k = min(array[n-1], $0, l); y = short($0, k); a = 0;
            for (i = n-1; i >= 0; i--) {
                if (l != k) {
                    x = short(array[i], k); array[i] = x;
                } else { x = array[i]; }
                if (x == y) { a++; }
            }
            if (a == 0) { array[n++] = y; }; l = k;
         }
         END {
             for (key in array) print array[key];
         }';
};
_go-make-show-targets() {
    local CMD="${1}"; local WORD="${2}";
    local FILE="${TMPDIR:-/tmp}/go-make-${USER:-$(whoami)}${PWD}/targets.${CMD}";
    if [ -f "${FILE}" ]; then cat "${FILE}";
        (go-make show-targets-${CMD} >/dev/null &);
    else go-make show-targets-${CMD}; fi 2>/dev/null |
        _go-make-filter "${WORD}";
};
_go-make-show-tests() {
    local PREFIX="${1}"; local WORD="${2}"; {
      grep --no-filename --dereference-recursive --only-matching \
        --extended-regexp --include='*_test.go' \
        "^[[:space:]]*func[[:space:]]+${PREFIX}[[:alnum:]_]+" . 2>/dev/null | \
      sed --quiet --regexp-extended \
        --expression='s/^.*[[:space:]]+//; p; s/^/^/; p';
      local BASE="${WORD#scope:}";
      if [[ "${WORD}" =~ ^scope: ]]; then
        if [[ "${WORD}" =~ /$ ]]; then BASE="./${WORD//scope:/}";
        else BASE="$(dirname "./${WORD//scope:/}")"; fi;
        find "${BASE}" -mindepth 1 -maxdepth 1 -type d 2>/dev/null | \
          sed --quiet --expression='s|^\./||; s|^|scope:|; p; s|$|/|; p';
      else echo -e "scope:\nscope:."; fi;
    } | grep "^${WORD}" | sort -u;
};
__complete_go-make() {
    local prefix=""; local arg="";
    for arg in ${words[2,$((CURRENT-1))]}; do
        case "${arg}" in
        ( test-unit ) prefix="Test";;
        ( test-bench ) prefix="Benchmark";;
        esac;
    done;
    local word="${words[-1]}";
    if [ "${word}" = ":" ]; then
        word="${words[-2]}:";
    elif [ "${words[-2]}" = ":" ]; then
        word="${words[-3]}:${word}";
    fi;
    if [[ "${prefix}" != "" ]]; then
        compadd - $(_go-make-show-tests "${prefix}" "${word}");
    else
        compadd - $(_go-make-show-targets "${words[1]}" "${word}");
    fi;
};
compdef __complete_go-make go-make;
compdef __complete_go-make make;

