/root/go-make/config/Makefile.base: update target '/test/go-make/targets.go-make'
echo -e "$(date '+%F %T.%3N') \033[1;96minfo:\033[0m updating targets [/test/go-make/targets.go-make]" >&2; mkdir --parents "/tmp/go-make/test/go-make"; \
if [ "/test/go-make/targets.go-make" == "/targets.make" ]; then MAKEFILE="Makefile"; \
else MAKEFILE="/root/go-make/config/Makefile.base"; TARGETS="--completion= --config= "; fi; \
( echo "${TARGETS[@]}" | tr ' ' '\n'; \
  make --help 2>&1 | grep --only-matching -- "--[^, ]*" | sed --regexp-extended 's|=.*|=|; s|^(.*)\[=|\1\n\1=|;'; \
  make --question --no-builtin-rules --no-builtin-variables --print-data-base --makefile="${MAKEFILE}" 2>/dev/null | \
    awk -v RS= -F: ' /(^|\n)# Files(\n|$)/,/(^|\n)# Finished / { if ($1 !~ "^[#./]") { print $1 } }' \
) | grep -v "^\s*$" | LC_ALL=C sort --unique > "/test/go-make/targets.go-make";
/root/go-make/config/Makefile.base: update target 'show-targets-go-make'
cat "/test/go-make/targets.go-make" || true;
--always-make
--assume-new=
--assume-old=
--check-symlink-times
--completion=
--config=
--debug
--debug=
--directory=
--dry-run
--environment-overrides
--eval=
--file=
--help
--ignore-errors
--include-dir=
--jobs
--jobs=
--just-print
--keep-going
--load-average
--load-average=
--makefile=
--max-load
--max-load=
--new-file=
--no-builtin-rules
--no-builtin-variables
--no-keep-going
--no-print-directory
--no-silent
--old-file=
--output-sync
--output-sync=
--print-data-base
--print-directory
--question
--quiet
--recon
--silent
--stop
--touch
--trace
--version
--warn-undefined-variables
--what-if=
all
all-clean
build
build-image
build-linux
build-native
call
clean
clean-all
clean-build
clean-deps
clean-hooks
clean-init
clean-run
clean-run-aws
clean-run-db
commit
debug-bash
debug-commands
debug-dirs
debug-files
debug-gen
debug-image
debug-make
debug-mocks
debug-sources
debug-targets
debug-targets-build
debug-targets-clean
debug-targets-image
debug-targets-init
debug-targets-install
debug-targets-lint
debug-targets-run
debug-targets-test
debug-targets-uninstall
debug-targets-update
format
format-go
gen-kube-apis
git-clean
git-commit
git-commit-build
git-commit-chore
git-commit-ci
git-commit-deprecate
git-commit-docs
git-commit-feat
git-commit-fix
git-commit-perf
git-commit-refactor
git-commit-remove
git-commit-style
git-commit-test
git-create
git-create-build
git-create-chore
git-create-ci
git-create-deprecate
git-create-docs
git-create-feat
git-create-fix
git-create-perf
git-create-refactor
git-create-remove
git-create-style
git-create-test
git-fix
git-fix-all
git-fix-edit
git-fix-no-edit
git-fix-no-verify
git-fix-verify
git-graph
git-log
git-push
git-reset
git-verify
go.mod
go.sum
help
image
image-build
image-push
init
init-analysis-cli
init-codacy
init-code
init-git
init-go
init-gosec
init-hooks
init-java
init-jre
init-make
init-make!
init-staticcheck
init/.codacy.yaml
init/.gitleaks.toml
init/.golangci.yaml
init/.markdownlint.yaml
init/Makefile
init/Makefile.vars
init/revive.toml
install
install-all
install-client-gen
install-controller-gen
install-deepcopy-gen
install-gitleaks
install-go-make
install-gocognit
install-gocyclo
install-gojq
install-golangci-lint
install-gomajor
install-gosec
install-govulncheck
install-grype
install-informer-gen
install-kind
install-lister-gen
install-markdownlint
install-mock
install-mockgen
install-revive
install-staticcheck
install-syft
install-yq
install-zally
lint
lint-aligncheck
lint-all
lint-apis
lint-base
lint-codacy
lint-code
lint-config
lint-gocognit
lint-gocyclo
lint-gosec
lint-leaks
lint-leaks?
lint-markdown
lint-max
lint-min
lint-plus
lint-revive
lint-shell
lint-staticcheck
lint-vuln
run-aws
run-clean
run-clean-aws
run-clean-db
run-db
show-help
show-make
show-raw
show-targets
show-targets-go-make
show-targets-make
show-vars
test
test-all
test-bench
test-build
test-clean
test-cover
test-go
test-image
test-self
test-unit
test-upload
uninstall
uninstall-all
uninstall-client-gen
uninstall-codacy-gosec
uninstall-codacy-staticcheck
uninstall-controller-gen
uninstall-deepcopy-gen
uninstall-gitleaks
uninstall-go-make
uninstall-gocognit
uninstall-gocyclo
uninstall-gojq
uninstall-golangci-lint
uninstall-gomajor
uninstall-gosec
uninstall-govulncheck
uninstall-grype
uninstall-informer-gen
uninstall-kind
uninstall-lister-gen
uninstall-markdownlint
uninstall-mock
uninstall-mockgen
uninstall-revive
uninstall-staticcheck
uninstall-syft
uninstall-yq
uninstall-zally
update
update-all
update-all?
update-client-gen
update-controller-gen
update-deepcopy-gen
update-deps
update-deps?
update-gitleaks
update-go
update-go-make
update-go?
update-gocognit
update-gocyclo
update-gojq
update-golangci-lint
update-gomajor
update-gosec
update-govulncheck
update-grype
update-informer-gen
update-kind
update-lister-gen
update-make
update-make?
update-markdownlint
update-mock
update-mockgen
update-python
update-revive
update-staticcheck
update-syft
update-tools
update-yq
update-zally
update/.codacy.yaml
update/.codacy.yaml?
update/.gitleaks.toml
update/.gitleaks.toml?
update/.golangci.yaml
update/.golangci.yaml?
update/.markdownlint.yaml
update/.markdownlint.yaml?
update/Makefile
update/Makefile?
update/go-make
update/go.mod
update/go.mod?
update/revive.toml
update/revive.toml?
update?
version-bump
version-publish
version-publish-all
version-release
