--always-make
--assume-new=
--assume-old=
--check-symlink-times
--debug
--debug=
--directory=
--dry-run
--environment-overrides
--eval=
--file=
--help
--ignore-errors
--include-dir=
--jobs
--jobs=
--just-print
--keep-going
--load-average
--load-average=
--makefile=
--max-load
--max-load=
--new-file=
--no-builtin-rules
--no-builtin-variables
--no-keep-going
--no-print-directory
--no-silent
--old-file=
--output-sync
--output-sync=
--print-data-base
--print-directory
--question
--quiet
--recon
--silent
--stop
--touch
--trace
--version
--warn-undefined-variables
--what-if=
