all
all-clean
build
build-image
build-linux
build-native
call
clean
clean-all
clean-build
clean-deps
clean-hooks
clean-init
clean-run
clean-run-aws
clean-run-db
commit
debug-commands
debug-gen
debug-image
debug-mocks
debug-sources
debug-targets
debug-targets-build
debug-targets-clean
debug-targets-image
debug-targets-init
debug-targets-install
debug-targets-lint
debug-targets-run
debug-targets-test
debug-targets-uninstall
debug-targets-update
gen-kube-apis
git-clean
git-commit
git-commit-build
git-commit-chore
git-commit-ci
git-commit-deprecate
git-commit-docs
git-commit-feat
git-commit-fix
git-commit-perf
git-commit-refactor
git-commit-remove
git-commit-style
git-commit-test
git-create
git-create-build
git-create-chore
git-create-ci
git-create-deprecate
git-create-docs
git-create-feat
git-create-fix
git-create-perf
git-create-refactor
git-create-remove
git-create-style
git-create-test
git-fix
git-fix-all
git-fix-edit
git-fix-no-edit
git-fix-no-verify
git-fix-verify
git-graph
git-log
git-push
git-reset
git-verify
go.mod
go.sum
help
image
image-build
image-push
init
init-codacy
init-go
init-gosec
init-hooks
init-make
init-make!
init-sources
init-staticcheck
init/.codacy.yaml
init/.gitleaks.toml
init/.golangci.yaml
init/.markdownlint.yaml
init/Makefile
init/Makefile.vars
init/revive.toml
install
install-all
install-client-gen
install-controller-gen
install-deadcode
install-deepcopy-gen
install-gitleaks
install-go-make
install-gocognit
install-gocyclo
install-golangci-lint
install-gomajor
install-gosec
install-govulncheck
install-grype
install-informer-gen
install-kind
install-lister-gen
install-markdownlint
install-mock
install-mockgen
install-revive
install-staticcheck
install-syft
install-zally
lint
lint-aligncheck
lint-all
lint-apis
lint-base
lint-codacy
lint-config
lint-deadcode
lint-gocognit
lint-gocyclo
lint-gosec
lint-leaks
lint-leaks?
lint-markdown
lint-max
lint-min
lint-plus
lint-revive
lint-shell
lint-staticcheck
lint-vuln
run-aws
run-clean
run-clean-aws
run-clean-db
run-db
show-help
show-make
show-raw
show-targets
show-vars
test
test-all
test-bench
test-build
test-cdp
test-clean
test-cover
test-go
test-image
test-self
test-unit
test-upload
uninstall
uninstall-all
uninstall-client-gen
uninstall-codacy-gosec
uninstall-codacy-staticcheck
uninstall-controller-gen
uninstall-deadcode
uninstall-deepcopy-gen
uninstall-gitleaks
uninstall-go-make
uninstall-gocognit
uninstall-gocyclo
uninstall-golangci-lint
uninstall-gomajor
uninstall-gosec
uninstall-govulncheck
uninstall-grype
uninstall-informer-gen
uninstall-kind
uninstall-lister-gen
uninstall-markdownlint
uninstall-mock
uninstall-mockgen
uninstall-revive
uninstall-staticcheck
uninstall-syft
uninstall-zally
update
update-all
update-all?
update-client-gen
update-controller-gen
update-deadcode
update-deepcopy-gen
update-deps
update-deps?
update-gitleaks
update-go
update-go-make
update-go?
update-gocognit
update-gocyclo
update-golangci-lint
update-gomajor
update-gosec
update-govulncheck
update-informer-gen
update-kind
update-lister-gen
update-make
update-make?
update-mock
update-mockgen
update-revive
update-staticcheck
update-tools
update-zally
update/.codacy.yaml
update/.codacy.yaml?
update/.gitleaks.toml
update/.gitleaks.toml?
update/.golangci.yaml
update/.golangci.yaml?
update/.markdownlint.yaml
update/.markdownlint.yaml?
update/Makefile
update/Makefile?
update/go-make
update/go.mod
update/go.mod?
update/revive.toml
update/revive.toml?
update?
version-bump
version-publish
version-publish-all
version-release
