make[2]: Entering directory '/home/tkrop/workspace/open/go-make'
{"path":"github.com/tkrop/go-make","repo":"git@github.com:tkrop/go-make","version":"v0.0.0-20231120093414-d4ee9e7daa60","revision":"d4ee9e7daa606a8b438daa1b44f17794ac9202b8","build":"2023-11-20T10:37:15+01:00","commit":"2023-11-20T10:34:14+01:00","dirty":true,"go":"1.21.2","platform":"linux/amd64","compiler":"gc"}
make --file /home/tkrop/workspace/go/bin/go-make.config/Makefile.base targets --trace [/home/tkrop/workspace/open/go-make]
/home/tkrop/workspace/go/bin/go-make.config/Makefile.base:383: target 'targets' does not exist
make --no-builtin-rules --no-builtin-variables --print-data-base \
  --question --makefile=/home/tkrop/workspace/go/bin/go-make.config/Makefile.base 2>/dev/null | \
  if [ "" != "raw" ]; then awk -v RS= -F: ' \
    /(^|\n)# Files(\n|$)/,/(^|\n)# Finished Make data base/ { \
      if ($1 !~ "^[#.]") { print $1 } \
    }' | sort | egrep -v -e '^[^[:alnum:]]'; \
  else cat -; fi || true;
all
all-clean
build
build-go-make
build-image
build-linux
build-native
bump
clean
clean-all
clean-build
clean-deps
clean-hooks
clean-init
clean-run
clean-run-aws
clean-run-db
clean-run-go-make
commit
fix
go.mod
go.sum
help
image
image-build
image-push
init
init-all
init-codacy
init-go
init-gosec
init-hooks
init-make
init-make!
init-sources
init-staticcheck
install
install-all
install-deadcode
install-gitleaks
install-gocognit
install-gocyclo
install-golangci-lint
install-gomajor
install-go-make
install-gosec
install-govulncheck
install-grype
install-markdownlint
install-mock
install-mockgen
install-revive
install-staticcheck
install-syft
install-vegeta
install-zally
lint
lint-aligncheck
lint-all
lint-apis
lint-base
lint-codacy
lint-config
lint-deadcode
lint-gocognit
lint-gocyclo
lint-gosec
lint-leaks
lint-leaks?
lint-markdown
lint-max
lint-min
lint-plus
lint-revive
lint-shell
lint-staticcheck
lint-vuln
list
mock_gomake_test.go
publish
publish-all
publish-go-make
push
release
run-aws
run-clean
run-clean-aws
run-clean-db
run-clean-go-make
run-db
run-go-go-make
run-go-make
run-image
run-image-go-make
run-native
show
targets
test
test-all
test-bench
test-clean
test-cover
test-go
test-self
test-unit
test-upload
udate-go?
uninstall
uninstall-all
uninstall-codacy-gosec
uninstall-codacy-staticcheck
uninstall-deadcode
uninstall-gitleaks
uninstall-gocognit
uninstall-gocyclo
uninstall-golangci-lint
uninstall-gomajor
uninstall-go-make
uninstall-go-make.config
uninstall-gosec
uninstall-govulncheck
uninstall-markdownlint
uninstall-mock
uninstall-mockgen
uninstall-revive
uninstall-staticcheck
uninstall-vegeta
uninstall-zally
update
update?
update-all
update-all?
update-base
update/.codacy.yaml
update/.codacy.yaml?
update-deadcode
update-deps
update-deps?
update-gitleaks
update/.gitleaks.toml
update/.gitleaks.toml?
update-go
update-go?
update-gocognit
update-gocyclo
update-golangci-lint
update/.golangci.yaml
update/.golangci.yaml?
update-gomajor
update/go.mod
update/go.mod?
update-gosec
update-govulncheck
update-make
update-make?
update/Makefile
update/Makefile?
update/Makefile.vars
update/.markdownlint.yaml
update/.markdownlint.yaml?
update-mock
update-mockgen
update-revive
update/revive.toml
update/revive.toml?
update-staticcheck
update-tools
update-vegeta
update-zally
make[2]: Leaving directory '/home/tkrop/workspace/open/go-make'
