make[2]: Entering directory '/home/tkrop/workspace/open/go-make'
all
all-clean
build
build-go-make
build-image
build-linux
build-native
bump
clean
clean-all
clean-build
clean-deps
clean-hooks
clean-init
clean-run
clean-run-aws
clean-run-db
clean-run-go-make
commit
fix
go.mod
go.sum
help
image
image-build
image-push
init
init-all
init-codacy
init-go
init-gosec
init-hooks
init-make
init-make!
init-sources
init-staticcheck
install
install-all
install-deadcode
install-gitleaks
install-gocognit
install-gocyclo
install-golangci-lint
install-gomajor
install-go-make
install-gosec
install-govulncheck
install-grype
install-markdownlint
install-mock
install-mockgen
install-revive
install-staticcheck
install-syft
install-vegeta
install-zally
lint
lint-aligncheck
lint-all
lint-apis
lint-base
lint-codacy
lint-config
lint-deadcode
lint-gocognit
lint-gocyclo
lint-gosec
lint-leaks
lint-leaks?
lint-markdown
lint-max
lint-min
lint-plus
lint-revive
lint-shell
lint-staticcheck
lint-vuln
list
mock_gomake_test.go
publish
publish-all
publish-go-make
push
release
run-aws
run-clean
run-clean-aws
run-clean-db
run-clean-go-make
run-db
run-go-go-make
run-go-make
run-image
run-image-go-make
run-native
show
targets
test
test-all
test-bench
test-clean
test-cover
test-go
test-self
test-unit
test-upload
udate-go?
uninstall
uninstall-all
uninstall-codacy-gosec
uninstall-codacy-staticcheck
uninstall-deadcode
uninstall-gitleaks
uninstall-gocognit
uninstall-gocyclo
uninstall-golangci-lint
uninstall-gomajor
uninstall-go-make
uninstall-go-make.config
uninstall-gosec
uninstall-govulncheck
uninstall-markdownlint
uninstall-mock
uninstall-mockgen
uninstall-revive
uninstall-staticcheck
uninstall-vegeta
uninstall-zally
update
update?
update-all
update-all?
update-base
update/.codacy.yaml
update/.codacy.yaml?
update-deadcode
update-deps
update-deps?
update-gitleaks
update/.gitleaks.toml
update/.gitleaks.toml?
update-go
update-go?
update-gocognit
update-gocyclo
update-golangci-lint
update/.golangci.yaml
update/.golangci.yaml?
update-gomajor
update/go.mod
update/go.mod?
update-gosec
update-govulncheck
update-make
update-make?
update/Makefile
update/Makefile?
update/Makefile.vars
update/.markdownlint.yaml
update/.markdownlint.yaml?
update-mock
update-mockgen
update-revive
update/revive.toml
update/revive.toml?
update-staticcheck
update-tools
update-vegeta
update-zally
make[2]: Leaving directory '/home/tkrop/workspace/open/go-make'
