make[1]: Entering directory 'go-make/internal/make'
Makefile.base:383: target 'targets' does not exist
make --no-builtin-rules --no-builtin-variables --print-data-base \
  --question --makefile=Makefile.base 2>/dev/null | \
  if [ "" != "raw" ]; then awk -v RS= -F: ' \
    /(^|\n)# Files(\n|$)/,/(^|\n)# Finished Make data base/ { \
      if ($1 !~ "^[#.]") { print $1 } \
    }' | sort -d | egrep -v -e '^[^[:alnum:]]'; \
  else cat -; fi || true;
all
all-clean
build
build-image
build-linux
build-native
bump
clean
clean-all
clean-build
clean-deps
clean-hooks
clean-init
clean-run
clean-run-aws
clean-run-db
commit
fix
fix-update
go.sum
help
image
image-build
image-push
init
init-all
init-codacy
init-go
init-gosec
init-hooks
init-make
init-make!
init-sources
init-staticcheck
install
install-all
install-deadcode
install-gitleaks
install-gocognit
install-gocyclo
install-golangci-lint
install-gomajor
install-go-make
install-gosec
install-govulncheck
install-grype
install-markdownlint
install-mock
install-mockgen
install-revive
install-staticcheck
install-syft
install-vegeta
install-zally
lint
lint-aligncheck
lint-all
lint-apis
lint-base
lint-codacy
lint-config
lint-deadcode
lint-gocognit
lint-gocyclo
lint-gosec
lint-leaks
lint-leaks?
lint-markdown
lint-max
lint-min
lint-plus
lint-revive
lint-shell
lint-staticcheck
lint-vuln
list
mock_cmd_test.go
mock_logger_test.go
publish
publish-all
push
release
run-aws
run-clean
run-clean-aws
run-clean-db
run-db
run-image
run-native
show
targets
test
test-all
test-bench
test-clean
test-cover
test-go
test-self
test-unit
test-upload
udate-go?
uninstall
uninstall-all
uninstall-codacy-gosec
uninstall-codacy-staticcheck
uninstall-deadcode
uninstall-gitleaks
uninstall-gocognit
uninstall-gocyclo
uninstall-golangci-lint
uninstall-gomajor
uninstall-go-make
uninstall-gosec
uninstall-govulncheck
uninstall-markdownlint
uninstall-mock
uninstall-mockgen
uninstall-revive
uninstall-staticcheck
uninstall-vegeta
uninstall-zally
update
update?
update-all
update-all?
update-base
update-deadcode
update-deps
update-deps?
update-gitleaks
update-go
update-go?
update-gocognit
update-gocyclo
update-golangci-lint
update-gomajor
update-go-make
update/go.mod
update/go.mod?
update-gosec
update-govulncheck
update-make
update-make?
update-mock
update-mockgen
update-revive
update-staticcheck
update/.codacy.yaml
update/.codacy.yaml?
update/.gitleaks.toml
update/.gitleaks.toml?
update/.golangci.yaml
update/.golangci.yaml?
update/Makefile
update/Makefile?
update/Makefile.vars
update/.markdownlint.yaml
update/.markdownlint.yaml?
update/revive.toml
update/revive.toml?
update-tools
update-vegeta
update-zally
make[1]: Leaving directory 'go-make/internal/make'
