all
all-clean
build
build-image
build-linux
build-native
bump
clean
clean-all
clean-build
clean-deps
clean-hooks
clean-init
clean-run
clean-run-aws
clean-run-db
commit
git-clean
git-commit
git-commit-build
git-commit-chore
git-commit-ci
git-commit-deprecate
git-commit-docs
git-commit-feat
git-commit-fix
git-commit-perf
git-commit-refactor
git-commit-remove
git-commit-style
git-commit-test
git-create
git-create-build
git-create-chore
git-create-ci
git-create-deprecate
git-create-docs
git-create-feat
git-create-fix
git-create-perf
git-create-refactor
git-create-remove
git-create-style
git-create-test
git-fix
git-graph
git-push
git-reset
git-verify
go.mod
go.sum
help
image
image-build
image-push
init
init-codacy
init-go
init-gosec
init-hooks
init-make
init-make!
init-sources
init-staticcheck
init/.codacy.yaml
init/.gitleaks.toml
init/.golangci.yaml
init/.markdownlint.yaml
init/Makefile
init/Makefile.vars
init/revive.toml
install
install-all
install-deadcode
install-gitleaks
install-go-make
install-gocognit
install-gocyclo
install-golangci-lint
install-gomajor
install-gosec
install-govulncheck
install-grype
install-markdownlint
install-mock
install-mockgen
install-revive
install-staticcheck
install-syft
install-zally
lint
lint-aligncheck
lint-all
lint-apis
lint-base
lint-codacy
lint-config
lint-deadcode
lint-gocognit
lint-gocyclo
lint-gosec
lint-leaks
lint-leaks?
lint-markdown
lint-max
lint-min
lint-plus
lint-revive
lint-shell
lint-staticcheck
lint-vuln
mock_cmd_test.go
mock_logger_test.go
publish
publish-all
release
run-aws
run-clean
run-clean-aws
run-clean-db
run-db
show-help
show-make
show-raw
show-targets
show-vars
targets
test
test-all
test-bench
test-clean
test-cover
test-go
test-self
test-unit
test-upload
uninstall
uninstall-all
uninstall-codacy-gosec
uninstall-codacy-staticcheck
uninstall-deadcode
uninstall-gitleaks
uninstall-go-make
uninstall-gocognit
uninstall-gocyclo
uninstall-golangci-lint
uninstall-gomajor
uninstall-gosec
uninstall-govulncheck
uninstall-grype
uninstall-markdownlint
uninstall-mock
uninstall-mockgen
uninstall-revive
uninstall-staticcheck
uninstall-syft
uninstall-zally
update
update-all
update-all?
update-deadcode
update-deps
update-deps?
update-gitleaks
update-go
update-go-make
update-go?
update-gocognit
update-gocyclo
update-golangci-lint
update-gomajor
update-gosec
update-govulncheck
update-make
update-make?
update-mock
update-mockgen
update-revive
update-staticcheck
update-tools
update-zally
update/.codacy.yaml
update/.codacy.yaml?
update/.gitleaks.toml
update/.gitleaks.toml?
update/.golangci.yaml
update/.golangci.yaml?
update/.markdownlint.yaml
update/.markdownlint.yaml?
update/Makefile
update/Makefile?
update/go-make
update/go.mod
update/go.mod?
update/revive.toml
update/revive.toml?
update?
